<?xml version="1.0" encoding="UTF-8"?>
<!-- Generated by org.testng.reporters.JUnitReportReporter -->
<testsuite skipped="0" hostname="RAJAGURU-PC" name="testRunners.TestRunner2" tests="4" failures="0" timestamp="12 Jun 2021 14:03:13 GMT" time="43.657" errors="0">
  <testcase name="runScenario" time="9.430" classname="testRunners.TestRunner2"/>
  <testcase name="runScenario" time="12.040" classname="testRunners.TestRunner2"/>
  <testcase name="runScenario" time="12.632" classname="testRunners.TestRunner2"/>
  <testcase name="runScenario" time="9.555" classname="testRunners.TestRunner2"/>
</testsuite> <!-- testRunners.TestRunner2 -->
